TN:
SF:app/gilded-rose.js
FN:1,Object.<anonymous>
FN:5,Item
FN:14,GildedRose
FN:18,Object.<anonymous>.GildedRose.lowerConjuredItemByOne
FN:23,Object.<anonymous>.GildedRose.updateQuality
FNF:5
FNH:5
FNDA:2,Object.<anonymous>
FNDA:2,Item
FNDA:2,GildedRose
FNDA:2,Object.<anonymous>.GildedRose.lowerConjuredItemByOne
FNDA:2,Object.<anonymous>.GildedRose.updateQuality
DA:1,2
DA:2,2
DA:3,2
DA:4,2
DA:5,2
DA:6,2
DA:7,2
DA:8,2
DA:9,2
DA:10,2
DA:11,2
DA:12,2
DA:13,2
DA:14,2
DA:15,2
DA:16,2
DA:17,2
DA:18,2
DA:19,2
DA:20,0
DA:21,0
DA:22,2
DA:23,2
DA:24,2
DA:25,2
DA:26,2
DA:27,2
DA:28,0
DA:29,0
DA:30,0
DA:31,0
DA:32,2
DA:33,0
DA:34,0
DA:35,0
DA:36,0
DA:37,0
DA:38,0
DA:39,0
DA:40,0
DA:41,0
DA:42,0
DA:43,0
DA:44,0
DA:45,0
DA:46,0
DA:47,0
DA:48,0
DA:49,0
DA:50,2
DA:51,2
DA:52,2
DA:53,2
DA:54,2
DA:55,2
DA:56,2
DA:57,0
DA:58,0
DA:59,0
DA:60,0
DA:61,2
DA:62,0
DA:63,0
DA:64,0
DA:65,2
DA:66,0
DA:67,0
DA:68,0
DA:69,0
DA:70,0
DA:71,0
DA:72,0
DA:73,0
DA:74,0
DA:75,0
DA:76,0
DA:77,2
DA:78,2
DA:79,2
DA:80,2
DA:81,2
DA:82,2
DA:83,2
LF:83
LH:42
BRDA:1,0,0,2
BRDA:1,1,0,2
BRDA:4,2,0,2
BRDA:5,3,0,2
BRDA:13,4,0,2
BRDA:14,5,0,2
BRDA:15,6,0,0
BRDA:18,7,0,2
BRDA:19,8,0,0
BRDA:23,9,0,2
BRDA:27,10,0,0
BRDA:33,11,0,0
BRDA:56,12,0,0
BRDA:62,13,0,0
BRDA:66,14,0,0
BRF:15
BRH:8
end_of_record
